app/build/outputs/logs/manifest-merger-debug-report.txt
-- Merging decision tree log ---
manifest
ADDED from src/main/AndroidManifest.xml:2:1-242:12
INJECTED from src/main/AndroidManifest.xml:2:1-242:12
INJECTED from src/main/AndroidManifest.xml:2:1-242:12
INJECTED from src/main/AndroidManifest.xml:2:1-242:12
MERGED from [com.android.support:design:25.3.1] AndroidManifest.xml:17:1-31:12
MERGED from [com.firebaseui:firebase-ui-database:0.4.0] AndroidManifest.xml:2:1-13:12
MERGED from [com.google.android.gms:play-services:10.2.4] AndroidManifest.xml:2:1-6:12
MERGED from [com.google.android.gms:play-services-cast-framework:10.2.4] AndroidManifest.xml:2:1-9:12
MERGED from [com.google.android.gms:play-services-cast:10.2.4] AndroidManifest.xml:16:1-19:12
MERGED from [com.android.support:mediarouter-v7:24.0.0] AndroidManifest.xml:17:1-24:12
MERGED from [com.android.support:appcompat-v7:25.3.1] AndroidManifest.xml:17:1-31:12
MERGED from [com.android.support:cardview-v7:25.3.1] AndroidManifest.xml:17:1-28:12
MERGED from [com.android.support:recyclerview-v7:25.3.1] AndroidManifest.xml:17:1-26:12
MERGED from [com.android.support:transition:25.3.1] AndroidManifest.xml:17:1-28:12
MERGED from [com.google.firebase:firebase-auth:10.2.4] AndroidManifest.xml:16:1-21:12
MERGED from [com.google.firebase:firebase-config:10.2.4] AndroidManifest.xml:16:1-19:12
MERGED from [com.google.firebase:firebase-messaging:10.2.4] AndroidManifest.xml:16:1-30:12
MERGED from [com.google.android.gms:play-services-awareness:10.2.4] AndroidManifest.xml:16:1-19:12
MERGED from [com.google.android.gms:play-services-places:10.2.4] AndroidManifest.xml:16:1-19:12
MERGED from [com.google.android.gms:play-services-wallet:10.2.4] AndroidManifest.xml:16:1-20:12
MERGED from [com.google.android.gms:play-services-maps:10.2.4] AndroidManifest.xml:16:1-25:12
MERGED from [com.google.android.gms:play-services-fitness:10.2.4] AndroidManifest.xml:16:1-19:12
MERGED from [com.google.android.gms:play-services-location:10.2.4] AndroidManifest.xml:2:1-5:12
MERGED from [com.google.firebase:firebase-storage:10.2.4] AndroidManifest.xml:2:1-4:12
MERGED from [com.google.firebase:firebase-core:10.2.4] AndroidManifest.xml:2:1-6:12
MERGED from [com.google.firebase:firebase-crash:10.2.4] AndroidManifest.xml:16:1-25:12
MERGED from [com.google.android.gms:play-services-tagmanager:10.2.4] AndroidManifest.xml:16:1-18:12
MERGED from [com.google.android.gms:play-services-tagmanager-api:10.2.4] AndroidManifest.xml:16:1-34:12
MERGED from [com.google.firebase:firebase-analytics:10.2.4] AndroidManifest.xml:16:1-34:12
MERGED from [com.google.firebase:firebase-database:10.2.4] AndroidManifest.xml:2:1-4:12
MERGED from [com.google.firebase:firebase-database-connection:10.2.4] AndroidManifest.xml:2:1-4:12
MERGED from [com.google.firebase:firebase-analytics-impl:10.2.4] AndroidManifest.xml:16:1-29:12
MERGED from [com.google.firebase:firebase-iid:10.2.4] AndroidManifest.xml:16:1-50:12
MERGED from [com.google.firebase:firebase-appindexing:10.2.4] AndroidManifest.xml:16:1-19:12
MERGED from [com.google.firebase:firebase-common:10.2.4] AndroidManifest.xml:2:1-8:12
MERGED from [com.google.android.gms:play-services-ads:10.2.4] AndroidManifest.xml:16:1-18:12
MERGED from [com.google.android.gms:play-services-analytics:10.2.4] AndroidManifest.xml:16:1-27:12
MERGED from [com.google.android.gms:play-services-tagmanager-v4-impl:10.2.4] AndroidManifest.xml:16:1-20:12
MERGED from [com.google.android.gms:play-services-analytics-impl:10.2.4] AndroidManifest.xml:16:1-27:12
MERGED from [com.google.android.gms:play-services-appinvite:10.2.4] AndroidManifest.xml:16:1-27:12
MERGED from [com.google.android.gms:play-services-auth:10.2.4] AndroidManifest.xml:16:1-26:12
MERGED from [com.google.android.gms:play-services-auth-base:10.2.4] AndroidManifest.xml:2:1-5:12
MERGED from [com.google.android.gms:play-services-clearcut:10.2.4] AndroidManifest.xml:16:1-19:12
MERGED from [com.google.android.gms:play-services-games:10.2.4] AndroidManifest.xml:16:1-19:12
MERGED from [com.google.android.gms:play-services-drive:10.2.4] AndroidManifest.xml:16:1-19:12
MERGED from [com.google.android.gms:play-services-gcm:10.2.4] AndroidManifest.xml:16:1-24:12
MERGED from [com.google.android.gms:play-services-identity:10.2.4] AndroidManifest.xml:16:1-19:12
MERGED from [com.google.android.gms:play-services-iid:10.2.4] AndroidManifest.xml:16:1-24:12
MERGED from [com.google.android.gms:play-services-instantapps:10.2.4] AndroidManifest.xml:2:1-4:12
MERGED from [com.google.android.gms:play-services-nearby:10.2.4] AndroidManifest.xml:2:1-6:12
MERGED from [com.google.android.gms:play-services-panorama:10.2.4] AndroidManifest.xml:16:1-19:12
MERGED from [com.google.android.gms:play-services-plus:10.2.4] AndroidManifest.xml:16:1-19:12
MERGED from [com.google.android.gms:play-services-safetynet:10.2.4] AndroidManifest.xml:16:1-19:12
MERGED from [com.google.android.gms:play-services-vision:10.2.4] AndroidManifest.xml:2:1-5:12
MERGED from [com.google.android.gms:play-services-wearable:10.2.4] AndroidManifest.xml:16:1-19:12
MERGED from [com.google.android.gms:play-services-base:10.2.4] AndroidManifest.xml:16:1-21:12
MERGED from [com.google.android.gms:play-services-tasks:10.2.4] AndroidManifest.xml:2:1-5:12
MERGED from [com.google.firebase:firebase-storage-common:10.2.4] AndroidManifest.xml:2:1-4:12
MERGED from [com.google.android.gms:play-services-ads-lite:10.2.4] AndroidManifest.xml:16:1-28:12
MERGED from [com.google.android.gms:play-services-gass:10.2.4] AndroidManifest.xml:2:1-5:12
MERGED from [com.google.android.gms:play-services-basement:10.2.4] AndroidManifest.xml:16:1-23:12
MERGED from [com.android.support:palette-v7:24.0.0] AndroidManifest.xml:17:1-25:12
MERGED from [com.android.support:support-v4:25.3.1] AndroidManifest.xml:17:1-31:12
MERGED from [com.android.support:multidex:1.0.2] AndroidManifest.xml:17:1-22:12
MERGED from [com.firebase:geofire-android:2.0.0] AndroidManifest.xml:1:1-5:12
MERGED from [de.hdodenhof:circleimageview:2.1.0] AndroidManifest.xml:2:1-11:12
MERGED from [com.google.maps.android:android-maps-utils:0.4.4] AndroidManifest.xml:2:1-13:12
MERGED from [com.android.support.constraint:constraint-layout:1.0.2] AndroidManifest.xml:2:1-11:12
MERGED from [com.android.support:animated-vector-drawable:25.3.1] AndroidManifest.xml:17:1-28:12
MERGED from [com.android.support:support-vector-drawable:25.3.1] AndroidManifest.xml:17:1-28:12
MERGED from [com.android.support:support-fragment:25.3.1] AndroidManifest.xml:17:1-31:12
MERGED from [com.android.support:support-core-ui:25.3.1] AndroidManifest.xml:17:1-31:12
MERGED from [com.android.support:support-media-compat:25.3.1] AndroidManifest.xml:17:1-31:12
MERGED from [com.android.support:support-core-utils:25.3.1] AndroidManifest.xml:17:1-31:12
MERGED from [com.android.support:support-compat:25.3.1] AndroidManifest.xml:17:1-31:12
INJECTED from src/main/AndroidManifest.xml:2:1-242:12
INJECTED from src/main/AndroidManifest.xml:2:1-242:12
INJECTED from src/main/AndroidManifest.xml:2:1-242:12
	package
		ADDED from src/main/AndroidManifest.xml:4:5-33
		INJECTED from src/main/AndroidManifest.xml
		INJECTED from src/main/AndroidManifest.xml
	android:versionName
		INJECTED from src/main/AndroidManifest.xml
		ADDED from src/main/AndroidManifest.xml:2:1-242:12
		INJECTED from src/main/AndroidManifest.xml
	xmlns:tools
		ADDED from src/main/AndroidManifest.xml:3:5-51
	android:versionCode
		INJECTED from src/main/AndroidManifest.xml
		ADDED from src/main/AndroidManifest.xml:2:1-242:12
		INJECTED from src/main/AndroidManifest.xml
	xmlns:android
		ADDED from src/main/AndroidManifest.xml:2:11-69
uses-permission#android.permission.ACCESS_COARSE_LOCATION
ADDED from src/main/AndroidManifest.xml:6:3-79
	android:name
		ADDED from src/main/AndroidManifest.xml:6:20-76
uses-permission#android.permission.ACCESS_FINE_LOCATION
ADDED from src/main/AndroidManifest.xml:7:3-77
	android:name
		ADDED from src/main/AndroidManifest.xml:7:20-74
uses-permission#android.permission.INTERNET
ADDED from src/main/AndroidManifest.xml:8:3-65
MERGED from [com.firebaseui:firebase-ui-database:0.4.0] AndroidManifest.xml:11:5-67
MERGED from [com.firebaseui:firebase-ui-database:0.4.0] AndroidManifest.xml:11:5-67
MERGED from [com.google.android.gms:play-services-maps:10.2.4] AndroidManifest.xml:20:5-66
MERGED from [com.google.android.gms:play-services-maps:10.2.4] AndroidManifest.xml:20:5-66
MERGED from [com.google.firebase:firebase-crash:10.2.4] AndroidManifest.xml:18:5-66
MERGED from [com.google.firebase:firebase-crash:10.2.4] AndroidManifest.xml:18:5-66
MERGED from [com.google.android.gms:play-services-tagmanager-api:10.2.4] AndroidManifest.xml:20:5-66
MERGED from [com.google.android.gms:play-services-tagmanager-api:10.2.4] AndroidManifest.xml:20:5-66
MERGED from [com.google.firebase:firebase-analytics:10.2.4] AndroidManifest.xml:20:5-66
MERGED from [com.google.firebase:firebase-analytics:10.2.4] AndroidManifest.xml:20:5-66
MERGED from [com.google.firebase:firebase-analytics-impl:10.2.4] AndroidManifest.xml:20:5-66
MERGED from [com.google.firebase:firebase-analytics-impl:10.2.4] AndroidManifest.xml:20:5-66
MERGED from [com.google.firebase:firebase-iid:10.2.4] AndroidManifest.xml:20:5-66
MERGED from [com.google.firebase:firebase-iid:10.2.4] AndroidManifest.xml:20:5-66
MERGED from [com.google.android.gms:play-services-analytics:10.2.4] AndroidManifest.xml:20:5-66
MERGED from [com.google.android.gms:play-services-analytics:10.2.4] AndroidManifest.xml:20:5-66
MERGED from [com.google.android.gms:play-services-analytics-impl:10.2.4] AndroidManifest.xml:20:5-66
MERGED from [com.google.android.gms:play-services-analytics-impl:10.2.4] AndroidManifest.xml:20:5-66
MERGED from [com.google.android.gms:play-services-appinvite:10.2.4] AndroidManifest.xml:18:5-66
MERGED from [com.google.android.gms:play-services-appinvite:10.2.4] AndroidManifest.xml:18:5-66
MERGED from [com.google.android.gms:play-services-gcm:10.2.4] AndroidManifest.xml:21:5-66
MERGED from [com.google.android.gms:play-services-gcm:10.2.4] AndroidManifest.xml:21:5-66
MERGED from [com.google.android.gms:play-services-iid:10.2.4] AndroidManifest.xml:21:5-66
MERGED from [com.google.android.gms:play-services-iid:10.2.4] AndroidManifest.xml:21:5-66
MERGED from [com.google.android.gms:play-services-ads-lite:10.2.4] AndroidManifest.xml:19:5-66
MERGED from [com.google.android.gms:play-services-ads-lite:10.2.4] AndroidManifest.xml:19:5-66
MERGED from [com.firebase:geofire-android:2.0.0] AndroidManifest.xml:4:3-64
MERGED from [com.firebase:geofire-android:2.0.0] AndroidManifest.xml:4:3-64
	android:name
		ADDED from src/main/AndroidManifest.xml:8:20-62
uses-permission#android.permission.READ_SMS
ADDED from src/main/AndroidManifest.xml:9:3-65
	android:name
		ADDED from src/main/AndroidManifest.xml:9:20-62
uses-permission#android.permission.SEND_SMS
ADDED from src/main/AndroidManifest.xml:10:3-65
	android:name
		ADDED from src/main/AndroidManifest.xml:10:20-62
uses-permission#android.permission.RECEIVE_SMS
ADDED from src/main/AndroidManifest.xml:11:3-68
	android:name
		ADDED from src/main/AndroidManifest.xml:11:20-65
uses-permission#android.permission.READ_EXTERNAL_STORAGE
ADDED from src/main/AndroidManifest.xml:12:3-78
	android:name
		ADDED from src/main/AndroidManifest.xml:12:20-75
uses-permission#android.permission.WRITE_EXTERNAL_STORAGE
ADDED from src/main/AndroidManifest.xml:13:3-79
	android:name
		ADDED from src/main/AndroidManifest.xml:13:20-76
permission#com.vedant.hereami.permission.C2D_MESSAGE
ADDED from src/main/AndroidManifest.xml:15:3-18:41
MERGED from [com.google.firebase:firebase-iid:10.2.4] AndroidManifest.xml:24:5-109
	android:protectionLevel
		ADDED from src/main/AndroidManifest.xml:17:7-42
	tools:ignore
		ADDED from src/main/AndroidManifest.xml:18:7-38
	android:name
		ADDED from src/main/AndroidManifest.xml:16:7-63
uses-permission#android.permission.WAKE_LOCK
ADDED from src/main/AndroidManifest.xml:20:3-66
MERGED from [com.google.firebase:firebase-analytics:10.2.4] AndroidManifest.xml:22:5-67
MERGED from [com.google.firebase:firebase-analytics:10.2.4] AndroidManifest.xml:22:5-67
MERGED from [com.google.firebase:firebase-analytics-impl:10.2.4] AndroidManifest.xml:22:5-67
MERGED from [com.google.firebase:firebase-analytics-impl:10.2.4] AndroidManifest.xml:22:5-67
MERGED from [com.google.firebase:firebase-iid:10.2.4] AndroidManifest.xml:21:5-67
MERGED from [com.google.firebase:firebase-iid:10.2.4] AndroidManifest.xml:21:5-67
MERGED from [com.google.android.gms:play-services-analytics:10.2.4] AndroidManifest.xml:24:5-67
MERGED from [com.google.android.gms:play-services-analytics:10.2.4] AndroidManifest.xml:24:5-67
MERGED from [com.google.android.gms:play-services-analytics-impl:10.2.4] AndroidManifest.xml:24:5-67
MERGED from [com.google.android.gms:play-services-analytics-impl:10.2.4] AndroidManifest.xml:24:5-67
	android:name
		ADDED from src/main/AndroidManifest.xml:20:20-63
uses-permission#android.permission.VIBRATE
ADDED from src/main/AndroidManifest.xml:21:3-23:41
	tools:ignore
		ADDED from src/main/AndroidManifest.xml:23:7-38
	android:name
		ADDED from src/main/AndroidManifest.xml:22:7-48
uses-permission#com.google.android.c2dm.permission.RECEIVE
ADDED from src/main/AndroidManifest.xml:24:3-80
MERGED from [com.google.firebase:firebase-iid:10.2.4] AndroidManifest.xml:22:5-81
MERGED from [com.google.firebase:firebase-iid:10.2.4] AndroidManifest.xml:22:5-81
MERGED from [com.google.android.gms:play-services-gcm:10.2.4] AndroidManifest.xml:20:5-81
MERGED from [com.google.android.gms:play-services-gcm:10.2.4] AndroidManifest.xml:20:5-81
MERGED from [com.google.android.gms:play-services-iid:10.2.4] AndroidManifest.xml:20:5-81
MERGED from [com.google.android.gms:play-services-iid:10.2.4] AndroidManifest.xml:20:5-81
	android:name
		ADDED from src/main/AndroidManifest.xml:24:20-77
uses-permission#android.permission.READ_CONTACTS
ADDED from src/main/AndroidManifest.xml:25:3-70
	android:name
		ADDED from src/main/AndroidManifest.xml:25:20-67
uses-permission#android.permission.WRITE_CONTACTS
ADDED from src/main/AndroidManifest.xml:26:3-71
	android:name
		ADDED from src/main/AndroidManifest.xml:26:20-68
uses-permission#android.permission.ACCESS_NETWORK_STATE
ADDED from src/main/AndroidManifest.xml:27:3-77
MERGED from [com.google.android.gms:play-services-maps:10.2.4] AndroidManifest.xml:19:5-78
MERGED from [com.google.android.gms:play-services-maps:10.2.4] AndroidManifest.xml:19:5-78
MERGED from [com.google.android.gms:play-services-tagmanager-api:10.2.4] AndroidManifest.xml:21:5-78
MERGED from [com.google.android.gms:play-services-tagmanager-api:10.2.4] AndroidManifest.xml:21:5-78
MERGED from [com.google.firebase:firebase-analytics:10.2.4] AndroidManifest.xml:21:5-78
MERGED from [com.google.firebase:firebase-analytics:10.2.4] AndroidManifest.xml:21:5-78
MERGED from [com.google.firebase:firebase-analytics-impl:10.2.4] AndroidManifest.xml:21:5-78
MERGED from [com.google.firebase:firebase-analytics-impl:10.2.4] AndroidManifest.xml:21:5-78
MERGED from [com.google.firebase:firebase-iid:10.2.4] AndroidManifest.xml:19:5-78
MERGED from [com.google.firebase:firebase-iid:10.2.4] AndroidManifest.xml:19:5-78
MERGED from [com.google.android.gms:play-services-analytics:10.2.4] AndroidManifest.xml:21:5-78
MERGED from [com.google.android.gms:play-services-analytics:10.2.4] AndroidManifest.xml:21:5-78
MERGED from [com.google.android.gms:play-services-analytics-impl:10.2.4] AndroidManifest.xml:21:5-78
MERGED from [com.google.android.gms:play-services-analytics-impl:10.2.4] AndroidManifest.xml:21:5-78
MERGED from [com.google.android.gms:play-services-nearby:10.2.4] AndroidManifest.xml:4:5-78
MERGED from [com.google.android.gms:play-services-nearby:10.2.4] AndroidManifest.xml:4:5-78
MERGED from [com.google.android.gms:play-services-ads-lite:10.2.4] AndroidManifest.xml:20:5-78
MERGED from [com.google.android.gms:play-services-ads-lite:10.2.4] AndroidManifest.xml:20:5-78
	android:name
		ADDED from src/main/AndroidManifest.xml:27:20-74
uses-permission#com.sonyericsson.home.permission.BROADCAST_BADGE
ADDED from src/main/AndroidManifest.xml:28:3-86
	android:name
		ADDED from src/main/AndroidManifest.xml:28:20-83
uses-feature#0x00020000
ADDED from src/main/AndroidManifest.xml:30:3-32:33
MERGED from [com.google.android.gms:play-services-maps:10.2.4] AndroidManifest.xml:21:5-77
MERGED from [com.google.android.gms:play-services-maps:10.2.4] AndroidManifest.xml:21:5-77
	android:glEsVersion
		ADDED from src/main/AndroidManifest.xml:31:7-39
	android:required
		ADDED from src/main/AndroidManifest.xml:32:7-30
application
ADDED from src/main/AndroidManifest.xml:34:3-240:17
MERGED from [com.android.support:design:25.3.1] AndroidManifest.xml:29:5-20
MERGED from [com.android.support:design:25.3.1] AndroidManifest.xml:29:5-20
MERGED from [com.google.android.gms:play-services:10.2.4] AndroidManifest.xml:5:5-20
MERGED from [com.google.android.gms:play-services:10.2.4] AndroidManifest.xml:5:5-20
MERGED from [com.google.android.gms:play-services-cast-framework:10.2.4] AndroidManifest.xml:4:5-8:19
MERGED from [com.google.android.gms:play-services-cast-framework:10.2.4] AndroidManifest.xml:4:5-8:19
MERGED from [com.google.android.gms:play-services-cast:10.2.4] AndroidManifest.xml:18:5-19
MERGED from [com.google.android.gms:play-services-cast:10.2.4] AndroidManifest.xml:18:5-19
MERGED from [com.android.support:mediarouter-v7:24.0.0] AndroidManifest.xml:22:5-20
MERGED from [com.android.support:mediarouter-v7:24.0.0] AndroidManifest.xml:22:5-20
MERGED from [com.android.support:appcompat-v7:25.3.1] AndroidManifest.xml:29:5-20
MERGED from [com.android.support:appcompat-v7:25.3.1] AndroidManifest.xml:29:5-20
MERGED from [com.android.support:cardview-v7:25.3.1] AndroidManifest.xml:26:5-20
MERGED from [com.android.support:cardview-v7:25.3.1] AndroidManifest.xml:26:5-20
MERGED from [com.android.support:transition:25.3.1] AndroidManifest.xml:26:5-20
MERGED from [com.android.support:transition:25.3.1] AndroidManifest.xml:26:5-20
MERGED from [com.google.firebase:firebase-auth:10.2.4] AndroidManifest.xml:19:5-20:19
MERGED from [com.google.firebase:firebase-auth:10.2.4] AndroidManifest.xml:19:5-20:19
MERGED from [com.google.firebase:firebase-config:10.2.4] AndroidManifest.xml:18:5-19
MERGED from [com.google.firebase:firebase-config:10.2.4] AndroidManifest.xml:18:5-19
MERGED from [com.google.firebase:firebase-messaging:10.2.4] AndroidManifest.xml:19:5-29:19
MERGED from [com.google.firebase:firebase-messaging:10.2.4] AndroidManifest.xml:19:5-29:19
MERGED from [com.google.android.gms:play-services-awareness:10.2.4] AndroidManifest.xml:18:5-19
MERGED from [com.google.android.gms:play-services-awareness:10.2.4] AndroidManifest.xml:18:5-19
MERGED from [com.google.android.gms:play-services-places:10.2.4] AndroidManifest.xml:18:5-19
MERGED from [com.google.android.gms:play-services-places:10.2.4] AndroidManifest.xml:18:5-19
MERGED from [com.google.android.gms:play-services-maps:10.2.4] AndroidManifest.xml:24:5-19
MERGED from [com.google.android.gms:play-services-maps:10.2.4] AndroidManifest.xml:24:5-19
MERGED from [com.google.android.gms:play-services-fitness:10.2.4] AndroidManifest.xml:18:5-19
MERGED from [com.google.android.gms:play-services-fitness:10.2.4] AndroidManifest.xml:18:5-19
MERGED from [com.google.android.gms:play-services-location:10.2.4] AndroidManifest.xml:4:5-19
MERGED from [com.google.android.gms:play-services-location:10.2.4] AndroidManifest.xml:4:5-19
MERGED from [com.google.firebase:firebase-core:10.2.4] AndroidManifest.xml:5:5-20
MERGED from [com.google.firebase:firebase-core:10.2.4] AndroidManifest.xml:5:5-20
MERGED from [com.google.firebase:firebase-crash:10.2.4] AndroidManifest.xml:22:5-23:19
MERGED from [com.google.firebase:firebase-crash:10.2.4] AndroidManifest.xml:22:5-23:19
MERGED from [com.google.android.gms:play-services-tagmanager-api:10.2.4] AndroidManifest.xml:23:5-33:19
MERGED from [com.google.android.gms:play-services-tagmanager-api:10.2.4] AndroidManifest.xml:23:5-33:19
MERGED from [com.google.firebase:firebase-analytics:10.2.4] AndroidManifest.xml:24:5-33:19
MERGED from [com.google.firebase:firebase-analytics:10.2.4] AndroidManifest.xml:24:5-33:19
MERGED from [com.google.firebase:firebase-analytics-impl:10.2.4] AndroidManifest.xml:24:5-28:19
MERGED from [com.google.firebase:firebase-analytics-impl:10.2.4] AndroidManifest.xml:24:5-28:19
MERGED from [com.google.firebase:firebase-iid:10.2.4] AndroidManifest.xml:28:5-49:19
MERGED from [com.google.firebase:firebase-iid:10.2.4] AndroidManifest.xml:28:5-49:19
MERGED from [com.google.firebase:firebase-appindexing:10.2.4] AndroidManifest.xml:18:5-19
MERGED from [com.google.firebase:firebase-appindexing:10.2.4] AndroidManifest.xml:18:5-19
MERGED from [com.google.firebase:firebase-common:10.2.4] AndroidManifest.xml:4:5-7:19
MERGED from [com.google.firebase:firebase-common:10.2.4] AndroidManifest.xml:4:5-7:19
MERGED from [com.google.android.gms:play-services-analytics:10.2.4] AndroidManifest.xml:26:5-19
MERGED from [com.google.android.gms:play-services-analytics:10.2.4] AndroidManifest.xml:26:5-19
MERGED from [com.google.android.gms:play-services-tagmanager-v4-impl:10.2.4] AndroidManifest.xml:19:5-19
MERGED from [com.google.android.gms:play-services-tagmanager-v4-impl:10.2.4] AndroidManifest.xml:19:5-19
MERGED from [com.google.android.gms:play-services-analytics-impl:10.2.4] AndroidManifest.xml:26:5-19
MERGED from [com.google.android.gms:play-services-analytics-impl:10.2.4] AndroidManifest.xml:26:5-19
MERGED from [com.google.android.gms:play-services-appinvite:10.2.4] AndroidManifest.xml:19:5-26:19
MERGED from [com.google.android.gms:play-services-appinvite:10.2.4] AndroidManifest.xml:19:5-26:19
MERGED from [com.google.android.gms:play-services-auth:10.2.4] AndroidManifest.xml:19:5-25:19
MERGED from [com.google.android.gms:play-services-auth:10.2.4] AndroidManifest.xml:19:5-25:19
MERGED from [com.google.android.gms:play-services-clearcut:10.2.4] AndroidManifest.xml:18:5-19
MERGED from [com.google.android.gms:play-services-clearcut:10.2.4] AndroidManifest.xml:18:5-19
MERGED from [com.google.android.gms:play-services-games:10.2.4] AndroidManifest.xml:18:5-19
MERGED from [com.google.android.gms:play-services-games:10.2.4] AndroidManifest.xml:18:5-19
MERGED from [com.google.android.gms:play-services-drive:10.2.4] AndroidManifest.xml:18:5-19
MERGED from [com.google.android.gms:play-services-drive:10.2.4] AndroidManifest.xml:18:5-19
MERGED from [com.google.android.gms:play-services-gcm:10.2.4] AndroidManifest.xml:23:5-19
MERGED from [com.google.android.gms:play-services-gcm:10.2.4] AndroidManifest.xml:23:5-19
MERGED from [com.google.android.gms:play-services-identity:10.2.4] AndroidManifest.xml:18:5-19
MERGED from [com.google.android.gms:play-services-identity:10.2.4] AndroidManifest.xml:18:5-19
MERGED from [com.google.android.gms:play-services-iid:10.2.4] AndroidManifest.xml:23:5-19
MERGED from [com.google.android.gms:play-services-iid:10.2.4] AndroidManifest.xml:23:5-19
MERGED from [com.google.android.gms:play-services-nearby:10.2.4] AndroidManifest.xml:5:5-19
MERGED from [com.google.android.gms:play-services-nearby:10.2.4] AndroidManifest.xml:5:5-19
MERGED from [com.google.android.gms:play-services-panorama:10.2.4] AndroidManifest.xml:18:5-19
MERGED from [com.google.android.gms:play-services-panorama:10.2.4] AndroidManifest.xml:18:5-19
MERGED from [com.google.android.gms:play-services-plus:10.2.4] AndroidManifest.xml:18:5-19
MERGED from [com.google.android.gms:play-services-plus:10.2.4] AndroidManifest.xml:18:5-19
MERGED from [com.google.android.gms:play-services-safetynet:10.2.4] AndroidManifest.xml:18:5-19
MERGED from [com.google.android.gms:play-services-safetynet:10.2.4] AndroidManifest.xml:18:5-19
MERGED from [com.google.android.gms:play-services-vision:10.2.4] AndroidManifest.xml:4:5-19
MERGED from [com.google.android.gms:play-services-vision:10.2.4] AndroidManifest.xml:4:5-19
MERGED from [com.google.android.gms:play-services-wearable:10.2.4] AndroidManifest.xml:18:5-19
MERGED from [com.google.android.gms:play-services-wearable:10.2.4] AndroidManifest.xml:18:5-19
MERGED from [com.google.android.gms:play-services-base:10.2.4] AndroidManifest.xml:18:5-20:19
MERGED from [com.google.android.gms:play-services-base:10.2.4] AndroidManifest.xml:18:5-20:19
MERGED from [com.google.android.gms:play-services-tasks:10.2.4] AndroidManifest.xml:4:5-19
MERGED from [com.google.android.gms:play-services-tasks:10.2.4] AndroidManifest.xml:4:5-19
MERGED from [com.google.android.gms:play-services-ads-lite:10.2.4] AndroidManifest.xml:23:5-27:19
MERGED from [com.google.android.gms:play-services-ads-lite:10.2.4] AndroidManifest.xml:23:5-27:19
MERGED from [com.google.android.gms:play-services-gass:10.2.4] AndroidManifest.xml:4:5-19
MERGED from [com.google.android.gms:play-services-gass:10.2.4] AndroidManifest.xml:4:5-19
MERGED from [com.google.android.gms:play-services-basement:10.2.4] AndroidManifest.xml:19:5-21:19
MERGED from [com.google.android.gms:play-services-basement:10.2.4] AndroidManifest.xml:19:5-21:19
MERGED from [com.android.support:palette-v7:24.0.0] AndroidManifest.xml:22:5-23:19
MERGED from [com.android.support:palette-v7:24.0.0] AndroidManifest.xml:22:5-23:19
MERGED from [com.android.support:support-v4:25.3.1] AndroidManifest.xml:29:5-20
MERGED from [com.android.support:support-v4:25.3.1] AndroidManifest.xml:29:5-20
MERGED from [de.hdodenhof:circleimageview:2.1.0] AndroidManifest.xml:9:5-20
MERGED from [de.hdodenhof:circleimageview:2.1.0] AndroidManifest.xml:9:5-20
MERGED from [com.google.maps.android:android-maps-utils:0.4.4] AndroidManifest.xml:7:5-11:19
MERGED from [com.google.maps.android:android-maps-utils:0.4.4] AndroidManifest.xml:7:5-11:19
MERGED from [com.android.support.constraint:constraint-layout:1.0.2] AndroidManifest.xml:9:5-20
MERGED from [com.android.support.constraint:constraint-layout:1.0.2] AndroidManifest.xml:9:5-20
MERGED from [com.android.support:animated-vector-drawable:25.3.1] AndroidManifest.xml:26:5-20
MERGED from [com.android.support:animated-vector-drawable:25.3.1] AndroidManifest.xml:26:5-20
MERGED from [com.android.support:support-vector-drawable:25.3.1] AndroidManifest.xml:26:5-20
MERGED from [com.android.support:support-vector-drawable:25.3.1] AndroidManifest.xml:26:5-20
MERGED from [com.android.support:support-fragment:25.3.1] AndroidManifest.xml:29:5-20
MERGED from [com.android.support:support-fragment:25.3.1] AndroidManifest.xml:29:5-20
MERGED from [com.android.support:support-core-ui:25.3.1] AndroidManifest.xml:29:5-20
MERGED from [com.android.support:support-core-ui:25.3.1] AndroidManifest.xml:29:5-20
MERGED from [com.android.support:support-media-compat:25.3.1] AndroidManifest.xml:29:5-20
MERGED from [com.android.support:support-media-compat:25.3.1] AndroidManifest.xml:29:5-20
MERGED from [com.android.support:support-core-utils:25.3.1] AndroidManifest.xml:29:5-20
MERGED from [com.android.support:support-core-utils:25.3.1] AndroidManifest.xml:29:5-20
MERGED from [com.android.support:support-compat:25.3.1] AndroidManifest.xml:29:5-20
MERGED from [com.android.support:support-compat:25.3.1] AndroidManifest.xml:29:5-20
	android:supportsRtl
		ADDED from src/main/AndroidManifest.xml:41:7-33
	android:label
		ADDED from src/main/AndroidManifest.xml:39:7-39
	android:fullBackupContent
		ADDED from src/main/AndroidManifest.xml:37:7-57
	android:resizeableActivity
		ADDED from src/main/AndroidManifest.xml:40:7-40
	tools:ignore
		ADDED from src/main/AndroidManifest.xml:42:7-46
	tools:targetApi
		ADDED from src/main/AndroidManifest.xml:43:7-26
	android:icon
		ADDED from src/main/AndroidManifest.xml:38:7-37
	android:allowBackup
		ADDED from src/main/AndroidManifest.xml:36:7-33
	android:name
		ADDED from src/main/AndroidManifest.xml:35:7-66
meta-data#com.google.android.gms.version
ADDED from src/main/AndroidManifest.xml:44:5-46:65
MERGED from [com.google.android.gms:play-services-basement:10.2.4] AndroidManifest.xml:20:9-121
MERGED from [com.google.android.gms:play-services-basement:10.2.4] AndroidManifest.xml:20:9-121
MERGED from [com.google.maps.android:android-maps-utils:0.4.4] AndroidManifest.xml:8:9-10:69
MERGED from [com.google.maps.android:android-maps-utils:0.4.4] AndroidManifest.xml:8:9-10:69
	android:value
		ADDED from src/main/AndroidManifest.xml:46:9-62
	android:name
		ADDED from src/main/AndroidManifest.xml:45:9-54
meta-data#com.google.android.maps.v2.API_KEY
ADDED from src/main/AndroidManifest.xml:47:5-49:67
	android:value
		ADDED from src/main/AndroidManifest.xml:49:9-64
	android:name
		ADDED from src/main/AndroidManifest.xml:48:9-58
activity#com.vedant.hereami.tracking.MainActivity
ADDED from src/main/AndroidManifest.xml:51:5-54:50
	android:screenOrientation
		ADDED from src/main/AndroidManifest.xml:53:9-45
	android:theme
		ADDED from src/main/AndroidManifest.xml:54:9-47
	android:name
		ADDED from src/main/AndroidManifest.xml:52:9-46
receiver#com.vedant.hereami.tracking.ReceiveSMS
ADDED from src/main/AndroidManifest.xml:56:5-63:16
	android:enabled
		ADDED from src/main/AndroidManifest.xml:58:9-31
	android:permission
		ADDED from src/main/AndroidManifest.xml:59:9-62
	android:name
		ADDED from src/main/AndroidManifest.xml:57:9-44
intent-filter#android.provider.Telephony.SMS_RECEIVED
ADDED from src/main/AndroidManifest.xml:60:7-62:23
action#android.provider.Telephony.SMS_RECEIVED
ADDED from src/main/AndroidManifest.xml:61:9-74
	android:name
		ADDED from src/main/AndroidManifest.xml:61:17-71
activity#com.vedant.hereami.tracking.Getlocation
ADDED from src/main/AndroidManifest.xml:65:5-68:48
	android:screenOrientation
		ADDED from src/main/AndroidManifest.xml:68:9-45
	android:label
		ADDED from src/main/AndroidManifest.xml:67:9-59
	android:name
		ADDED from src/main/AndroidManifest.xml:66:9-45
activity#com.vedant.hereami.tracking.Sendlocation
ADDED from src/main/AndroidManifest.xml:69:5-72:48
	android:screenOrientation
		ADDED from src/main/AndroidManifest.xml:72:9-45
	android:label